[Thu May 15 02:43:49 2014] [Logger] Logging started
[Thu May 15 02:43:49 2014] [Config] Object Created
[Thu May 15 02:43:49 2014] [Config] Loading file: config/main.cfg
[Thu May 15 02:43:49 2014] [Config] File Read, parsed, and loaded
[Thu May 15 02:43:49 2014] [IOLIB] Initilizing and Setting up ADC
[Thu May 15 02:43:49 2014] [IOLIB] Ready
[Thu May 15 02:43:49 2014] [GUI] Creating GUI Object
[Thu May 15 02:43:50 2014] [GUI] Window built
[Thu May 15 02:43:50 2014] [GUI] Building GUI
[Thu May 15 02:43:50 2014] [GUI] Adding pictures
[Thu May 15 02:43:59 2014] [GUI] Pictures Added
[Thu May 15 02:43:59 2014] [GUI] Creating Module 1 Layout
[Thu May 15 02:43:59 2014] [GUI] Module 1 Created
[Thu May 15 02:43:59 2014] [GUI] Creating Module 2 Layout
[Thu May 15 02:43:59 2014] [GUI] Module 2 Created
[Thu May 15 02:43:59 2014] [GUI] Creating External Force Measurment Device
[Thu May 15 02:43:59 2014] [GUI] External Force Measurment Device Created
[Thu May 15 02:43:59 2014] [GUI] Creating External Grip Measurment Device
[Thu May 15 02:43:59 2014] [GUI] External Grip Measurment Device Created
[Thu May 15 02:43:59 2014] [GUI] Creating File Output and Start-Stop Buttons
[Thu May 15 02:43:59 2014] [GUI] File Output and Start-Stop Buttons created
[Thu May 15 02:43:59 2014] [Data Logger] Starting
[Thu May 15 02:43:59 2014] [GUI] Displaying window
[Thu May 15 02:53:40 2014] [Data Logger] Shutting Down
[Thu May 15 02:53:41 2014] [GUI] Shutting down GUI
[Thu May 15 02:53:41 2014] [Config] Closing and Freeing object
[Thu May 15 02:53:41 2014] [Logger] Shutting down
